#
# There is insufficient memory for the Java Runtime Environment to continue.
# Native memory allocation (mmap) failed to map 96468992 bytes for G1 virtual space
# Possible reasons:
#   The system is out of physical RAM or swap space
#   The process is running with CompressedOops enabled, and the Java Heap may be blocking the growth of the native heap
# Possible solutions:
#   Reduce memory load on the system
#   Increase physical memory or swap space
#   Check if swap backing store is full
#   Decrease Java heap size (-Xmx/-Xms)
#   Decrease number of Java threads
#   Decrease Java thread stack sizes (-Xss)
#   Set larger code cache with -XX:ReservedCodeCacheSize=
#   JVM is running with Unscaled Compressed Oops mode in which the Java heap is
#     placed in the first 4GB address space. The Java Heap base address is the
#     maximum limit for the native heap growth. Please use -XX:HeapBaseMinAddress
#     to set the Java Heap base and to place the Java Heap above 4GB virtual address.
# This output file may be truncated or incomplete.
#
#  Out of Memory Error (os_windows.cpp:3528), pid=11936, tid=8120
#
# JRE version:  (20.0.1+9) (build )
# Java VM: Java HotSpot(TM) 64-Bit Server VM (20.0.1+9-29, mixed mode, sharing, tiered, compressed oops, compressed class ptrs, g1 gc, windows-amd64)
# No core dump will be written. Minidumps are not enabled by default on client versions of Windows
#

---------------  S U M M A R Y ------------

Command Line: -Dfile.encoding=UTF-8 --module-path=C:\Users\hp\Documents\NetBeansProjects\bank management system\build\classes bank.management.system.Transactions

Host: AMD Ryzen 5 7520U with Radeon Graphics         , 8 cores, 5G,  Windows 11 , 64 bit Build 22621 (10.0.22621.3672)
Time: Sat Aug  3 22:30:16 2024 India Standard Time elapsed time: 0.025356 seconds (0d 0h 0m 0s)

---------------  T H R E A D  ---------------

Current thread (0x00000177c923cd90):  JavaThread "Unknown thread" [_thread_in_vm, id=8120, stack(0x0000000100600000,0x0000000100700000)]

Stack: [0x0000000100600000,0x0000000100700000]
Native frames: (J=compiled Java code, j=interpreted, Vv=VM code, C=native code)
V  [jvm.dll+0x6bb95a]
V  [jvm.dll+0x8485fa]
V  [jvm.dll+0x84a1f5]
V  [jvm.dll+0x84a8f3]
V  [jvm.dll+0x280b0f]
V  [jvm.dll+0x6b86e9]
V  [jvm.dll+0x6ad2da]
V  [jvm.dll+0x35adf5]
V  [jvm.dll+0x363016]
V  [jvm.dll+0x3b3b3e]
V  [jvm.dll+0x3b3dc5]
V  [jvm.dll+0x32b50a]
V  [jvm.dll+0x32c32b]
V  [jvm.dll+0x8112bf]
V  [jvm.dll+0x3c0d91]
V  [jvm.dll+0x7fcfe3]
V  [jvm.dll+0x44c76f]
V  [jvm.dll+0x44e0e1]
C  [jli.dll+0x5287]
C  [ucrtbase.dll+0x29333]
C  [KERNEL32.DLL+0x1257d]
C  [ntdll.dll+0x5af28]


---------------  P R O C E S S  ---------------

Threads class SMR info:
_java_thread_list=0x00007ffed168a098, length=0, elements={
}

Java Threads: ( => current thread )

Other Threads:
  0x00000177c928af60 WorkerThread "GC Thread#0" [stack: 0x0000000100700000,0x0000000100800000] [id=19632]
  0x00000177c92976b0 ConcurrentGCThread "G1 Main Marker" [stack: 0x0000000100800000,0x0000000100900000] [id=13348]
  0x00000177c9298280 WorkerThread "G1 Conc#0" [stack: 0x0000000100900000,0x0000000100a00000] [id=11620]

[error occurred during error reporting (printing all threads), id 0xc0000005, EXCEPTION_ACCESS_VIOLATION (0xc0000005) at pc=0x00007ffed0e6eb47]
VM state: not at safepoint (not fully initialized)

VM Mutex/Monitor currently owned by a thread:  ([mutex/lock_event])
[0x00000177c9239110] Heap_lock - owner thread: 0x00000177c923cd90

Heap address: 0x00000000a4200000, size: 1470 MB, Compressed Oops mode: 32-bit

CDS archive(s) mapped at: [0x0000000000000000-0x0000000000000000-0x0000000000000000), size 0, SharedBaseAddress: 0x0000000800000000, ArchiveRelocationMode: 0.
Narrow klass base: 0x0000000000000000, Narrow klass shift: 0, Narrow klass range: 0x0

GC Precious Log:
 CardTable entry size: 512
 Card Set container configuration: InlinePtr #cards 5 size 8 Array Of Cards #cards 12 size 40 Howl #buckets 4 coarsen threshold 1843 Howl Bitmap #cards 512 size 80 coarsen threshold 460 Card regions per heap region 1 cards per card region 2048

Heap:
 garbage-first heap   total 0K, used 0K [0x00000000a4200000, 0x0000000100000000)
  region size 1024K, 0 young (0K), 0 survivors (0K)

[error occurred during error reporting (printing heap information), id 0xc0000005, EXCEPTION_ACCESS_VIOLATION (0xc0000005) at pc=0x00007ffed1243c59]
GC Heap History (0 events):
No events

Dll operation events (1 events):
Event: 0.018 Loaded shared library C:\Program Files\Java\jdk-20\bin\java.dll

Deoptimization events (0 events):
No events

Classes loaded (0 events):
No events

Classes unloaded (0 events):
No events

Classes redefined (0 events):
No events

Internal exceptions (0 events):
No events

VM Operations (0 events):
No events

Events (0 events):
No events


Dynamic libraries:
0x00007ff72a550000 - 0x00007ff72a560000 	C:\Program Files\Java\jdk-20\bin\java.exe
0x00007fff61a70000 - 0x00007fff61c87000 	C:\Windows\SYSTEM32\ntdll.dll
0x00007fff60650000 - 0x00007fff60714000 	C:\Windows\System32\KERNEL32.DLL
0x00007fff5f050000 - 0x00007fff5f3fd000 	C:\Windows\System32\KERNELBASE.dll
0x00007fff5f5d0000 - 0x00007fff5f6e1000 	C:\Windows\System32\ucrtbase.dll
0x00007fff570f0000 - 0x00007fff57109000 	C:\Program Files\Java\jdk-20\bin\jli.dll
0x00007fff53cd0000 - 0x00007fff53ceb000 	C:\Program Files\Java\jdk-20\bin\VCRUNTIME140.dll
0x00007fff61940000 - 0x00007fff619f2000 	C:\Windows\System32\ADVAPI32.dll
0x00007fff5fea0000 - 0x00007fff5ff47000 	C:\Windows\System32\msvcrt.dll
0x00007fff5fd10000 - 0x00007fff5fdb9000 	C:\Windows\System32\sechost.dll
0x00007fff5f520000 - 0x00007fff5f548000 	C:\Windows\System32\bcrypt.dll
0x00007fff604f0000 - 0x00007fff60604000 	C:\Windows\System32\RPCRT4.dll
0x00007fff60c20000 - 0x00007fff60dce000 	C:\Windows\System32\USER32.dll
0x00007fff5ef80000 - 0x00007fff5efa6000 	C:\Windows\System32\win32u.dll
0x00007fff61a00000 - 0x00007fff61a29000 	C:\Windows\System32\GDI32.dll
0x00007fff53d30000 - 0x00007fff53fc3000 	C:\Windows\WinSxS\amd64_microsoft.windows.common-controls_6595b64144ccf1df_6.0.22621.3672_none_2713b9d173822955\COMCTL32.dll
0x00007fff5f400000 - 0x00007fff5f519000 	C:\Windows\System32\gdi32full.dll
0x00007fff5efb0000 - 0x00007fff5f04a000 	C:\Windows\System32\msvcp_win.dll
0x00007fff56690000 - 0x00007fff5669a000 	C:\Windows\SYSTEM32\VERSION.dll
0x00007fff60610000 - 0x00007fff60641000 	C:\Windows\System32\IMM32.DLL
0x00007fff53cc0000 - 0x00007fff53ccc000 	C:\Program Files\Java\jdk-20\bin\vcruntime140_1.dll
0x00007fff126b0000 - 0x00007fff1273e000 	C:\Program Files\Java\jdk-20\bin\msvcp140.dll
0x00007ffed0b30000 - 0x00007ffed17c7000 	C:\Program Files\Java\jdk-20\bin\server\jvm.dll
0x00007fff5a040000 - 0x00007fff5a074000 	C:\Windows\SYSTEM32\WINMM.dll
0x00007fff542d0000 - 0x00007fff542d9000 	C:\Windows\SYSTEM32\WSOCK32.dll
0x00007fff618c0000 - 0x00007fff61931000 	C:\Windows\System32\WS2_32.dll
0x00007fff5dda0000 - 0x00007fff5ddb8000 	C:\Windows\SYSTEM32\kernel.appcore.dll
0x00007fff53cb0000 - 0x00007fff53cba000 	C:\Program Files\Java\jdk-20\bin\jimage.dll
0x00007fff5c8e0000 - 0x00007fff5cb12000 	C:\Windows\SYSTEM32\DBGHELP.DLL
0x00007fff5f980000 - 0x00007fff5fd08000 	C:\Windows\System32\combase.dll
0x00007fff5fdc0000 - 0x00007fff5fe97000 	C:\Windows\System32\OLEAUT32.dll
0x00007fff55460000 - 0x00007fff55492000 	C:\Windows\SYSTEM32\dbgcore.DLL
0x00007fff5f550000 - 0x00007fff5f5cb000 	C:\Windows\System32\bcryptPrimitives.dll
0x00007fff3df30000 - 0x00007fff3df56000 	C:\Program Files\Java\jdk-20\bin\java.dll

dbghelp: loaded successfully - version: 4.0.5 - missing functions: none
symbol engine: initialized successfully - sym options: 0x614 - pdb path: .;C:\Program Files\Java\jdk-20\bin;C:\Windows\SYSTEM32;C:\Windows\WinSxS\amd64_microsoft.windows.common-controls_6595b64144ccf1df_6.0.22621.3672_none_2713b9d173822955;C:\Program Files\Java\jdk-20\bin\server

VM Arguments:
jvm_args: -Dfile.encoding=UTF-8 --module-path=C:\Users\hp\Documents\NetBeansProjects\bank management system\build\classes 
java_command: bank.management.system.Transactions
java_class_path (initial): C:\Users\hp\Documents\NetBeansProjects\bank management system\build\classes
Launcher Type: SUN_STANDARD

[Global flags]
     intx CICompilerCount                          = 4                                         {product} {ergonomic}
     uint ConcGCThreads                            = 2                                         {product} {ergonomic}
     uint G1ConcRefinementThreads                  = 8                                         {product} {ergonomic}
   size_t G1HeapRegionSize                         = 1048576                                   {product} {ergonomic}
    uintx GCDrainStackTargetSize                   = 64                                        {product} {ergonomic}
   size_t InitialHeapSize                          = 96468992                                  {product} {ergonomic}
   size_t MarkStackSize                            = 4194304                                   {product} {ergonomic}
   size_t MaxHeapSize                              = 1541406720                                {product} {ergonomic}
   size_t MinHeapDeltaBytes                        = 1048576                                   {product} {ergonomic}
   size_t MinHeapSize                              = 8388608                                   {product} {ergonomic}
    uintx NonNMethodCodeHeapSize                   = 5839372                                {pd product} {ergonomic}
    uintx NonProfiledCodeHeapSize                  = 122909434                              {pd product} {ergonomic}
    uintx ProfiledCodeHeapSize                     = 122909434                              {pd product} {ergonomic}
    uintx ReservedCodeCacheSize                    = 251658240                              {pd product} {ergonomic}
     bool SegmentedCodeCache                       = true                                      {product} {ergonomic}
   size_t SoftMaxHeapSize                          = 1541406720                             {manageable} {ergonomic}
     bool UseCompressedClassPointers               = true                           {product lp64_product} {ergonomic}
     bool UseCompressedOops                        = true                           {product lp64_product} {ergonomic}
     bool UseG1GC                                  = true                                      {product} {ergonomic}
     bool UseLargePagesIndividualAllocation        = false                                  {pd product} {ergonomic}

Logging:
Log output configuration:
 #0: stdout all=warning uptime,level,tags foldmultilines=false
 #1: stderr all=off uptime,level,tags foldmultilines=false

Environment Variables:
PATH=C:\Program Files\Common Files\Oracle\Java\javapath;C:\Windows\system32;C:\Windows;C:\Windows\System32\Wbem;C:\Windows\System32\WindowsPowerShell\v1.0\;C:\Windows\System32\OpenSSH\;C:\Program Files\dotnet\;C:\Program Files\nodejs\;C:\ProgramData\chocolatey\bin;C:\Users\hp\AppData\Local\Programs\Python\Python312\Scripts\;C:\Users\hp\AppData\Local\Programs\Python\Python312\;C:\Users\hp\AppData\Local\Programs\Python\Launcher\;C:\Program Files\MySQL\MySQL Shell 8.0\bin\;C:\Users\hp\AppData\Local\Microsoft\WindowsApps;C:\Users\hp\.dotnet\tools;C:\Users\hp\AppData\Local\Programs\Microsoft VS Code\bin;C:\Program Files\Java\jdk-17\bin;C:\Users\hp\AppData\Roaming\npm
USERNAME=hp
OS=Windows_NT
PROCESSOR_IDENTIFIER=AMD64 Family 23 Model 160 Stepping 0, AuthenticAMD
TMP=C:\Users\hp\AppData\Local\Temp
TEMP=C:\Users\hp\AppData\Local\Temp




---------------  S Y S T E M  ---------------

OS:
 Windows 11 , 64 bit Build 22621 (10.0.22621.3672)
OS uptime: 9 days 6:23 hours
Hyper-V role detected

CPU: total 8 (initial active 8) (8 cores per cpu, 2 threads per core) family 23 model 160 stepping 0 microcode 0x0, cx8, cmov, fxsr, ht, mmx, 3dnowpref, sse, sse2, sse3, ssse3, sse4a, sse4.1, sse4.2, popcnt, lzcnt, tsc, tscinvbit, avx, avx2, aes, clmul, bmi1, bmi2, adx, sha, fma, vzeroupper, clflush, clflushopt, hv, rdtscp, rdpid, f16c

Memory: 4k page, system-wide physical 5877M (529M free)
TotalPageFile size 24309M (AvailPageFile size 93M)
current process WorkingSet (physical memory assigned to process): 11M, peak: 11M
current process commit charge ("private bytes"): 60M, peak: 152M

vm_info: Java HotSpot(TM) 64-Bit Server VM (20.0.1+9-29) for windows-amd64 JRE (20.0.1+9-29), built on 2023-03-07T13:56:11Z by "mach5one" with MS VC++ 17.1 (VS2022)

END.
