#
# There is insufficient memory for the Java Runtime Environment to continue.
# Native memory allocation (mmap) failed to map 65536 bytes for Failed to commit metaspace.
# Possible reasons:
#   The system is out of physical RAM or swap space
#   The process is running with CompressedOops enabled, and the Java Heap may be blocking the growth of the native heap
# Possible solutions:
#   Reduce memory load on the system
#   Increase physical memory or swap space
#   Check if swap backing store is full
#   Decrease Java heap size (-Xmx/-Xms)
#   Decrease number of Java threads
#   Decrease Java thread stack sizes (-Xss)
#   Set larger code cache with -XX:ReservedCodeCacheSize=
#   JVM is running with Unscaled Compressed Oops mode in which the Java heap is
#     placed in the first 4GB address space. The Java Heap base address is the
#     maximum limit for the native heap growth. Please use -XX:HeapBaseMinAddress
#     to set the Java Heap base and to place the Java Heap above 4GB virtual address.
# This output file may be truncated or incomplete.
#
#  Out of Memory Error (virtualSpaceNode.cpp:110), pid=17500, tid=16460
#
# JRE version: Java(TM) SE Runtime Environment (20.0.1+9) (build 20.0.1+9-29)
# Java VM: Java HotSpot(TM) 64-Bit Server VM (20.0.1+9-29, mixed mode, sharing, tiered, compressed oops, compressed class ptrs, g1 gc, windows-amd64)
# No core dump will be written. Minidumps are not enabled by default on client versions of Windows
#

---------------  S U M M A R Y ------------

Command Line: -Dfile.encoding=UTF-8 --module-path=C:\Users\hp\Documents\NetBeansProjects\bank management system\build\classes bank.management.system.Transactions

Host: AMD Ryzen 5 7520U with Radeon Graphics         , 8 cores, 5G,  Windows 11 , 64 bit Build 22621 (10.0.22621.3672)
Time: Sat Aug  3 22:20:52 2024 India Standard Time elapsed time: 0.461416 seconds (0d 0h 0m 0s)

---------------  T H R E A D  ---------------

Current thread (0x0000027fdba7b580):  JavaThread "main" [_thread_in_vm, id=16460, stack(0x000000b94e400000,0x000000b94e500000)]

Stack: [0x000000b94e400000,0x000000b94e500000]
Native frames: (J=compiled Java code, j=interpreted, Vv=VM code, C=native code)
V  [jvm.dll+0x6bb95a]
V  [jvm.dll+0x8485fa]
V  [jvm.dll+0x84a1f5]
V  [jvm.dll+0x84a8f3]
V  [jvm.dll+0x280b0f]
V  [jvm.dll+0x84453b]
V  [jvm.dll+0x65fd86]
V  [jvm.dll+0x65fdea]
V  [jvm.dll+0x6626c3]
V  [jvm.dll+0x66258e]
V  [jvm.dll+0x66079e]
V  [jvm.dll+0x26daf7]
V  [jvm.dll+0x2171bf]
V  [jvm.dll+0x21bed0]
V  [jvm.dll+0x211780]
V  [jvm.dll+0x59c26c]
V  [jvm.dll+0x7c3802]
V  [jvm.dll+0x7c376a]
V  [jvm.dll+0x46cb9d]
V  [jvm.dll+0x47f4c6]
C  [java.dll+0x1657]

Java frames: (J=compiled Java code, j=interpreted, Vv=VM code)
j  java.lang.ClassLoader.defineClass0(Ljava/lang/ClassLoader;Ljava/lang/Class;Ljava/lang/String;[BIILjava/security/ProtectionDomain;ZILjava/lang/Object;)Ljava/lang/Class;+0 java.base@20.0.1
j  java.lang.System$2.defineClass(Ljava/lang/ClassLoader;Ljava/lang/Class;Ljava/lang/String;[BLjava/security/ProtectionDomain;ZILjava/lang/Object;)Ljava/lang/Class;+17 java.base@20.0.1
j  java.lang.invoke.MethodHandles$Lookup$ClassDefiner.defineClass(ZLjava/lang/Object;)Ljava/lang/Class;+54 java.base@20.0.1
j  java.lang.invoke.MethodHandles$Lookup$ClassDefiner.defineClassAsLookup(Z)Ljava/lang/invoke/MethodHandles$Lookup;+3 java.base@20.0.1
j  java.lang.invoke.MethodHandles$Lookup.defineHiddenClass([BZ[Ljava/lang/invoke/MethodHandles$Lookup$ClassOption;)Ljava/lang/invoke/MethodHandles$Lookup;+65 java.base@20.0.1
j  java.lang.invoke.InnerClassLambdaMetafactory.generateInnerClass()Ljava/lang/Class;+577 java.base@20.0.1
j  java.lang.invoke.InnerClassLambdaMetafactory.spinInnerClass()Ljava/lang/Class;+114 java.base@20.0.1
j  java.lang.invoke.InnerClassLambdaMetafactory.buildCallSite()Ljava/lang/invoke/CallSite;+1 java.base@20.0.1
j  java.lang.invoke.LambdaMetafactory.metafactory(Ljava/lang/invoke/MethodHandles$Lookup;Ljava/lang/String;Ljava/lang/invoke/MethodType;Ljava/lang/invoke/MethodType;Ljava/lang/invoke/MethodHandle;Ljava/lang/invoke/MethodType;)Ljava/lang/invoke/CallSite;+67 java.base@20.0.1
j  java.lang.invoke.DirectMethodHandle$Holder.invokeStatic(Ljava/lang/Object;Ljava/lang/Object;Ljava/lang/Object;Ljava/lang/Object;Ljava/lang/Object;Ljava/lang/Object;Ljava/lang/Object;)Ljava/lang/Object;+20 java.base@20.0.1
j  java.lang.invoke.Invokers$Holder.invokeExact_MT(Ljava/lang/Object;Ljava/lang/Object;Ljava/lang/Object;Ljava/lang/Object;Ljava/lang/Object;Ljava/lang/Object;Ljava/lang/Object;Ljava/lang/Object;)Ljava/lang/Object;+28 java.base@20.0.1
j  java.lang.invoke.BootstrapMethodInvoker.invoke(Ljava/lang/Class;Ljava/lang/invoke/MethodHandle;Ljava/lang/String;Ljava/lang/Object;Ljava/lang/Object;Ljava/lang/Class;)Ljava/lang/Object;+319 java.base@20.0.1
j  java.lang.invoke.CallSite.makeSite(Ljava/lang/invoke/MethodHandle;Ljava/lang/String;Ljava/lang/invoke/MethodType;Ljava/lang/Object;Ljava/lang/Class;)Ljava/lang/invoke/CallSite;+8 java.base@20.0.1
j  java.lang.invoke.MethodHandleNatives.linkCallSiteImpl(Ljava/lang/Class;Ljava/lang/invoke/MethodHandle;Ljava/lang/String;Ljava/lang/invoke/MethodType;Ljava/lang/Object;[Ljava/lang/Object;)Ljava/lang/invoke/MemberName;+6 java.base@20.0.1
j  java.lang.invoke.MethodHandleNatives.linkCallSite(Ljava/lang/Object;Ljava/lang/Object;Ljava/lang/Object;Ljava/lang/Object;Ljava/lang/Object;[Ljava/lang/Object;)Ljava/lang/invoke/MemberName;+45 java.base@20.0.1
v  ~StubRoutines::call_stub 0x0000027fec85100d
j  javax.swing.plaf.basic.BasicLookAndFeel.initComponentDefaults(Ljavax/swing/UIDefaults;)V+590 java.desktop@20.0.1
j  javax.swing.plaf.metal.MetalLookAndFeel.initComponentDefaults(Ljavax/swing/UIDefaults;)V+2 java.desktop@20.0.1
j  javax.swing.plaf.basic.BasicLookAndFeel.getDefaults()Ljavax/swing/UIDefaults;+25 java.desktop@20.0.1
j  javax.swing.plaf.metal.MetalLookAndFeel.getDefaults()Ljavax/swing/UIDefaults;+9 java.desktop@20.0.1
j  javax.swing.UIManager.setLookAndFeel(Ljavax/swing/LookAndFeel;)V+66 java.desktop@20.0.1
j  javax.swing.UIManager.setLookAndFeel(Ljava/lang/String;)V+16 java.desktop@20.0.1
j  javax.swing.UIManager.initializeDefaultLAF(Ljava/util/Properties;)V+58 java.desktop@20.0.1
j  javax.swing.UIManager.initialize()V+9 java.desktop@20.0.1
j  javax.swing.UIManager.maybeInitialize()V+22 java.desktop@20.0.1
j  javax.swing.UIManager.getUI(Ljavax/swing/JComponent;)Ljavax/swing/plaf/ComponentUI;+0 java.desktop@20.0.1
j  javax.swing.JPanel.updateUI()V+2 java.desktop@20.0.1
j  javax.swing.JPanel.<init>(Ljava/awt/LayoutManager;Z)V+24 java.desktop@20.0.1
j  javax.swing.JPanel.<init>(Z)V+9 java.desktop@20.0.1
j  javax.swing.JPanel.<init>()V+2 java.desktop@20.0.1
j  javax.swing.JRootPane.createGlassPane()Ljava/awt/Component;+4 java.desktop@20.0.1
j  javax.swing.JRootPane.<init>()V+11 java.desktop@20.0.1
j  javax.swing.JFrame.createRootPane()Ljavax/swing/JRootPane;+4 java.desktop@20.0.1
j  javax.swing.JFrame.frameInit()V+16 java.desktop@20.0.1
j  javax.swing.JFrame.<init>()V+20 java.desktop@20.0.1
j  bank.management.system.Transactions.<init>(Ljava/lang/String;)V+1
j  bank.management.system.Transactions.main([Ljava/lang/String;)V+6
v  ~StubRoutines::call_stub 0x0000027fec85100d

---------------  P R O C E S S  ---------------

Threads class SMR info:
_java_thread_list=0x0000027ffdbd99c0, length=14, elements={
0x0000027fdba7b580, 0x0000027ff97770c0, 0x0000027ff977d430, 0x0000027ff9780aa0,
0x0000027ff97819f0, 0x0000027ff9785450, 0x0000027ff9785d90, 0x0000027ff9790f60,
0x0000027ff9797050, 0x0000027ffd99bf40, 0x0000027ffda2d520, 0x0000027ffdc02010,
0x0000027ffdc04790, 0x0000027ffdb3c9f0
}

Java Threads: ( => current thread )
=>0x0000027fdba7b580 JavaThread "main" [_thread_in_vm, id=16460, stack(0x000000b94e400000,0x000000b94e500000)]
  0x0000027ff97770c0 JavaThread "Reference Handler" daemon [_thread_blocked, id=5908, stack(0x000000b94eb00000,0x000000b94ec00000)]
  0x0000027ff977d430 JavaThread "Finalizer" daemon [_thread_blocked, id=6496, stack(0x000000b94ec00000,0x000000b94ed00000)]
  0x0000027ff9780aa0 JavaThread "Signal Dispatcher" daemon [_thread_blocked, id=9628, stack(0x000000b94ed00000,0x000000b94ee00000)]
  0x0000027ff97819f0 JavaThread "Attach Listener" daemon [_thread_blocked, id=28180, stack(0x000000b94ee00000,0x000000b94ef00000)]
  0x0000027ff9785450 JavaThread "Service Thread" daemon [_thread_blocked, id=17824, stack(0x000000b94ef00000,0x000000b94f000000)]
  0x0000027ff9785d90 JavaThread "Monitor Deflation Thread" daemon [_thread_blocked, id=26584, stack(0x000000b94f000000,0x000000b94f100000)]
  0x0000027ff9790f60 JavaThread "C2 CompilerThread0" daemon [_thread_blocked, id=14152, stack(0x000000b94f100000,0x000000b94f200000)]
  0x0000027ff9797050 JavaThread "C1 CompilerThread0" daemon [_thread_blocked, id=18320, stack(0x000000b94f200000,0x000000b94f300000)]
  0x0000027ffd99bf40 JavaThread "Common-Cleaner" daemon [_thread_blocked, id=11232, stack(0x000000b94f300000,0x000000b94f400000)]
  0x0000027ffda2d520 JavaThread "Notification Thread" daemon [_thread_blocked, id=21252, stack(0x000000b94f400000,0x000000b94f500000)]
  0x0000027ffdc02010 JavaThread "Java2D Disposer" daemon [_thread_blocked, id=6008, stack(0x000000b94f600000,0x000000b94f700000)]
  0x0000027ffdc04790 JavaThread "AWT-Shutdown" [_thread_blocked, id=18512, stack(0x000000b94f700000,0x000000b94f800000)]
  0x0000027ffdb3c9f0 JavaThread "AWT-Windows" daemon [_thread_in_native, id=10200, stack(0x000000b94f800000,0x000000b94f900000)]

Other Threads:
  0x0000027ff975c370 VMThread "VM Thread" [stack: 0x000000b94ea00000,0x000000b94eb00000] [id=28128]
  0x0000027ffda3da50 WatcherThread "VM Periodic Task Thread" [stack: 0x000000b94f500000,0x000000b94f600000] [id=27588]
  0x0000027fdbace210 WorkerThread "GC Thread#0" [stack: 0x000000b94e500000,0x000000b94e600000] [id=19668]
  0x0000027fdbada8e0 ConcurrentGCThread "G1 Main Marker" [stack: 0x000000b94e600000,0x000000b94e700000] [id=21560]
  0x0000027fdbadb4c0 WorkerThread "G1 Conc#0" [stack: 0x000000b94e700000,0x000000b94e800000] [id=7352]
  0x0000027ff96220b0 ConcurrentGCThread "G1 Refine#0" [stack: 0x000000b94e800000,0x000000b94e900000] [id=17200]
  0x0000027ff9622b50 ConcurrentGCThread "G1 Service" [stack: 0x000000b94e900000,0x000000b94ea00000] [id=31196]

Threads with active compile tasks:

VM state: not at safepoint (normal execution)

VM Mutex/Monitor currently owned by a thread:  ([mutex/lock_event])
[0x0000027fdba760d0] Metaspace_lock - owner thread: 0x0000027fdba7b580

Heap address: 0x00000000a4200000, size: 1470 MB, Compressed Oops mode: 32-bit

CDS archive(s) mapped at: [0x0000000800000000-0x0000000800c60000-0x0000000800c60000), size 12976128, SharedBaseAddress: 0x0000000800000000, ArchiveRelocationMode: 0.
Compressed class space mapped at: 0x0000000801000000-0x0000000841000000, reserved size: 1073741824
Narrow klass base: 0x0000000800000000, Narrow klass shift: 0, Narrow klass range: 0x100000000

GC Precious Log:
 CardTable entry size: 512
 Card Set container configuration: InlinePtr #cards 5 size 8 Array Of Cards #cards 12 size 40 Howl #buckets 4 coarsen threshold 1843 Howl Bitmap #cards 512 size 80 coarsen threshold 460 Card regions per heap region 1 cards per card region 2048
 CPUs: 8 total, 8 available
 Memory: 5877M
 Large Page Support: Disabled
 NUMA Support: Disabled
 Compressed Oops: Enabled (32-bit)
 Heap Region Size: 1M
 Heap Min Capacity: 8M
 Heap Initial Capacity: 92M
 Heap Max Capacity: 1470M
 Pre-touch: Disabled
 Parallel Workers: 8
 Concurrent Workers: 2
 Concurrent Refinement Workers: 8
 Periodic GC: Disabled

Heap:
 garbage-first heap   total 94208K, used 4096K [0x00000000a4200000, 0x0000000100000000)
  region size 1024K, 5 young (5120K), 0 survivors (0K)
 Metaspace       used 3621K, committed 3776K, reserved 1114112K
  class space    used 353K, committed 448K, reserved 1048576K

Heap Regions: E=young(eden), S=young(survivor), O=old, HS=humongous(starts), HC=humongous(continues), CS=collection set, F=free, OA=open archive, CA=closed archive, TAMS=top-at-mark-start, PB=parsable bottom
|   0|0x00000000a4200000, 0x00000000a4200000, 0x00000000a4300000|  0%| F|  |TAMS 0x00000000a4200000| PB 0x00000000a4200000| Untracked 
|   1|0x00000000a4300000, 0x00000000a4300000, 0x00000000a4400000|  0%| F|  |TAMS 0x00000000a4300000| PB 0x00000000a4300000| Untracked 
|   2|0x00000000a4400000, 0x00000000a4400000, 0x00000000a4500000|  0%| F|  |TAMS 0x00000000a4400000| PB 0x00000000a4400000| Untracked 
|   3|0x00000000a4500000, 0x00000000a4500000, 0x00000000a4600000|  0%| F|  |TAMS 0x00000000a4500000| PB 0x00000000a4500000| Untracked 
|   4|0x00000000a4600000, 0x00000000a4600000, 0x00000000a4700000|  0%| F|  |TAMS 0x00000000a4600000| PB 0x00000000a4600000| Untracked 
|   5|0x00000000a4700000, 0x00000000a4700000, 0x00000000a4800000|  0%| F|  |TAMS 0x00000000a4700000| PB 0x00000000a4700000| Untracked 
|   6|0x00000000a4800000, 0x00000000a4800000, 0x00000000a4900000|  0%| F|  |TAMS 0x00000000a4800000| PB 0x00000000a4800000| Untracked 
|   7|0x00000000a4900000, 0x00000000a4900000, 0x00000000a4a00000|  0%| F|  |TAMS 0x00000000a4900000| PB 0x00000000a4900000| Untracked 
|   8|0x00000000a4a00000, 0x00000000a4a00000, 0x00000000a4b00000|  0%| F|  |TAMS 0x00000000a4a00000| PB 0x00000000a4a00000| Untracked 
|   9|0x00000000a4b00000, 0x00000000a4b00000, 0x00000000a4c00000|  0%| F|  |TAMS 0x00000000a4b00000| PB 0x00000000a4b00000| Untracked 
|  10|0x00000000a4c00000, 0x00000000a4c00000, 0x00000000a4d00000|  0%| F|  |TAMS 0x00000000a4c00000| PB 0x00000000a4c00000| Untracked 
|  11|0x00000000a4d00000, 0x00000000a4d00000, 0x00000000a4e00000|  0%| F|  |TAMS 0x00000000a4d00000| PB 0x00000000a4d00000| Untracked 
|  12|0x00000000a4e00000, 0x00000000a4e00000, 0x00000000a4f00000|  0%| F|  |TAMS 0x00000000a4e00000| PB 0x00000000a4e00000| Untracked 
|  13|0x00000000a4f00000, 0x00000000a4f00000, 0x00000000a5000000|  0%| F|  |TAMS 0x00000000a4f00000| PB 0x00000000a4f00000| Untracked 
|  14|0x00000000a5000000, 0x00000000a5000000, 0x00000000a5100000|  0%| F|  |TAMS 0x00000000a5000000| PB 0x00000000a5000000| Untracked 
|  15|0x00000000a5100000, 0x00000000a5100000, 0x00000000a5200000|  0%| F|  |TAMS 0x00000000a5100000| PB 0x00000000a5100000| Untracked 
|  16|0x00000000a5200000, 0x00000000a5200000, 0x00000000a5300000|  0%| F|  |TAMS 0x00000000a5200000| PB 0x00000000a5200000| Untracked 
|  17|0x00000000a5300000, 0x00000000a5300000, 0x00000000a5400000|  0%| F|  |TAMS 0x00000000a5300000| PB 0x00000000a5300000| Untracked 
|  18|0x00000000a5400000, 0x00000000a5400000, 0x00000000a5500000|  0%| F|  |TAMS 0x00000000a5400000| PB 0x00000000a5400000| Untracked 
|  19|0x00000000a5500000, 0x00000000a5500000, 0x00000000a5600000|  0%| F|  |TAMS 0x00000000a5500000| PB 0x00000000a5500000| Untracked 
|  20|0x00000000a5600000, 0x00000000a5600000, 0x00000000a5700000|  0%| F|  |TAMS 0x00000000a5600000| PB 0x00000000a5600000| Untracked 
|  21|0x00000000a5700000, 0x00000000a5700000, 0x00000000a5800000|  0%| F|  |TAMS 0x00000000a5700000| PB 0x00000000a5700000| Untracked 
|  22|0x00000000a5800000, 0x00000000a5800000, 0x00000000a5900000|  0%| F|  |TAMS 0x00000000a5800000| PB 0x00000000a5800000| Untracked 
|  23|0x00000000a5900000, 0x00000000a5900000, 0x00000000a5a00000|  0%| F|  |TAMS 0x00000000a5900000| PB 0x00000000a5900000| Untracked 
|  24|0x00000000a5a00000, 0x00000000a5a00000, 0x00000000a5b00000|  0%| F|  |TAMS 0x00000000a5a00000| PB 0x00000000a5a00000| Untracked 
|  25|0x00000000a5b00000, 0x00000000a5b00000, 0x00000000a5c00000|  0%| F|  |TAMS 0x00000000a5b00000| PB 0x00000000a5b00000| Untracked 
|  26|0x00000000a5c00000, 0x00000000a5c00000, 0x00000000a5d00000|  0%| F|  |TAMS 0x00000000a5c00000| PB 0x00000000a5c00000| Untracked 
|  27|0x00000000a5d00000, 0x00000000a5d00000, 0x00000000a5e00000|  0%| F|  |TAMS 0x00000000a5d00000| PB 0x00000000a5d00000| Untracked 
|  28|0x00000000a5e00000, 0x00000000a5e00000, 0x00000000a5f00000|  0%| F|  |TAMS 0x00000000a5e00000| PB 0x00000000a5e00000| Untracked 
|  29|0x00000000a5f00000, 0x00000000a5f00000, 0x00000000a6000000|  0%| F|  |TAMS 0x00000000a5f00000| PB 0x00000000a5f00000| Untracked 
|  30|0x00000000a6000000, 0x00000000a6000000, 0x00000000a6100000|  0%| F|  |TAMS 0x00000000a6000000| PB 0x00000000a6000000| Untracked 
|  31|0x00000000a6100000, 0x00000000a6100000, 0x00000000a6200000|  0%| F|  |TAMS 0x00000000a6100000| PB 0x00000000a6100000| Untracked 
|  32|0x00000000a6200000, 0x00000000a6200000, 0x00000000a6300000|  0%| F|  |TAMS 0x00000000a6200000| PB 0x00000000a6200000| Untracked 
|  33|0x00000000a6300000, 0x00000000a6300000, 0x00000000a6400000|  0%| F|  |TAMS 0x00000000a6300000| PB 0x00000000a6300000| Untracked 
|  34|0x00000000a6400000, 0x00000000a6400000, 0x00000000a6500000|  0%| F|  |TAMS 0x00000000a6400000| PB 0x00000000a6400000| Untracked 
|  35|0x00000000a6500000, 0x00000000a6500000, 0x00000000a6600000|  0%| F|  |TAMS 0x00000000a6500000| PB 0x00000000a6500000| Untracked 
|  36|0x00000000a6600000, 0x00000000a6600000, 0x00000000a6700000|  0%| F|  |TAMS 0x00000000a6600000| PB 0x00000000a6600000| Untracked 
|  37|0x00000000a6700000, 0x00000000a6700000, 0x00000000a6800000|  0%| F|  |TAMS 0x00000000a6700000| PB 0x00000000a6700000| Untracked 
|  38|0x00000000a6800000, 0x00000000a6800000, 0x00000000a6900000|  0%| F|  |TAMS 0x00000000a6800000| PB 0x00000000a6800000| Untracked 
|  39|0x00000000a6900000, 0x00000000a6900000, 0x00000000a6a00000|  0%| F|  |TAMS 0x00000000a6900000| PB 0x00000000a6900000| Untracked 
|  40|0x00000000a6a00000, 0x00000000a6a00000, 0x00000000a6b00000|  0%| F|  |TAMS 0x00000000a6a00000| PB 0x00000000a6a00000| Untracked 
|  41|0x00000000a6b00000, 0x00000000a6b00000, 0x00000000a6c00000|  0%| F|  |TAMS 0x00000000a6b00000| PB 0x00000000a6b00000| Untracked 
|  42|0x00000000a6c00000, 0x00000000a6c00000, 0x00000000a6d00000|  0%| F|  |TAMS 0x00000000a6c00000| PB 0x00000000a6c00000| Untracked 
|  43|0x00000000a6d00000, 0x00000000a6d00000, 0x00000000a6e00000|  0%| F|  |TAMS 0x00000000a6d00000| PB 0x00000000a6d00000| Untracked 
|  44|0x00000000a6e00000, 0x00000000a6e00000, 0x00000000a6f00000|  0%| F|  |TAMS 0x00000000a6e00000| PB 0x00000000a6e00000| Untracked 
|  45|0x00000000a6f00000, 0x00000000a6f00000, 0x00000000a7000000|  0%| F|  |TAMS 0x00000000a6f00000| PB 0x00000000a6f00000| Untracked 
|  46|0x00000000a7000000, 0x00000000a7000000, 0x00000000a7100000|  0%| F|  |TAMS 0x00000000a7000000| PB 0x00000000a7000000| Untracked 
|  47|0x00000000a7100000, 0x00000000a7100000, 0x00000000a7200000|  0%| F|  |TAMS 0x00000000a7100000| PB 0x00000000a7100000| Untracked 
|  48|0x00000000a7200000, 0x00000000a7200000, 0x00000000a7300000|  0%| F|  |TAMS 0x00000000a7200000| PB 0x00000000a7200000| Untracked 
|  49|0x00000000a7300000, 0x00000000a7300000, 0x00000000a7400000|  0%| F|  |TAMS 0x00000000a7300000| PB 0x00000000a7300000| Untracked 
|  50|0x00000000a7400000, 0x00000000a7400000, 0x00000000a7500000|  0%| F|  |TAMS 0x00000000a7400000| PB 0x00000000a7400000| Untracked 
|  51|0x00000000a7500000, 0x00000000a7500000, 0x00000000a7600000|  0%| F|  |TAMS 0x00000000a7500000| PB 0x00000000a7500000| Untracked 
|  52|0x00000000a7600000, 0x00000000a7600000, 0x00000000a7700000|  0%| F|  |TAMS 0x00000000a7600000| PB 0x00000000a7600000| Untracked 
|  53|0x00000000a7700000, 0x00000000a7700000, 0x00000000a7800000|  0%| F|  |TAMS 0x00000000a7700000| PB 0x00000000a7700000| Untracked 
|  54|0x00000000a7800000, 0x00000000a7800000, 0x00000000a7900000|  0%| F|  |TAMS 0x00000000a7800000| PB 0x00000000a7800000| Untracked 
|  55|0x00000000a7900000, 0x00000000a7900000, 0x00000000a7a00000|  0%| F|  |TAMS 0x00000000a7900000| PB 0x00000000a7900000| Untracked 
|  56|0x00000000a7a00000, 0x00000000a7a00000, 0x00000000a7b00000|  0%| F|  |TAMS 0x00000000a7a00000| PB 0x00000000a7a00000| Untracked 
|  57|0x00000000a7b00000, 0x00000000a7b00000, 0x00000000a7c00000|  0%| F|  |TAMS 0x00000000a7b00000| PB 0x00000000a7b00000| Untracked 
|  58|0x00000000a7c00000, 0x00000000a7c00000, 0x00000000a7d00000|  0%| F|  |TAMS 0x00000000a7c00000| PB 0x00000000a7c00000| Untracked 
|  59|0x00000000a7d00000, 0x00000000a7d00000, 0x00000000a7e00000|  0%| F|  |TAMS 0x00000000a7d00000| PB 0x00000000a7d00000| Untracked 
|  60|0x00000000a7e00000, 0x00000000a7e00000, 0x00000000a7f00000|  0%| F|  |TAMS 0x00000000a7e00000| PB 0x00000000a7e00000| Untracked 
|  61|0x00000000a7f00000, 0x00000000a7f00000, 0x00000000a8000000|  0%| F|  |TAMS 0x00000000a7f00000| PB 0x00000000a7f00000| Untracked 
|  62|0x00000000a8000000, 0x00000000a8000000, 0x00000000a8100000|  0%| F|  |TAMS 0x00000000a8000000| PB 0x00000000a8000000| Untracked 
|  63|0x00000000a8100000, 0x00000000a8100000, 0x00000000a8200000|  0%| F|  |TAMS 0x00000000a8100000| PB 0x00000000a8100000| Untracked 
|  64|0x00000000a8200000, 0x00000000a8200000, 0x00000000a8300000|  0%| F|  |TAMS 0x00000000a8200000| PB 0x00000000a8200000| Untracked 
|  65|0x00000000a8300000, 0x00000000a8300000, 0x00000000a8400000|  0%| F|  |TAMS 0x00000000a8300000| PB 0x00000000a8300000| Untracked 
|  66|0x00000000a8400000, 0x00000000a8400000, 0x00000000a8500000|  0%| F|  |TAMS 0x00000000a8400000| PB 0x00000000a8400000| Untracked 
|  67|0x00000000a8500000, 0x00000000a8500000, 0x00000000a8600000|  0%| F|  |TAMS 0x00000000a8500000| PB 0x00000000a8500000| Untracked 
|  68|0x00000000a8600000, 0x00000000a8600000, 0x00000000a8700000|  0%| F|  |TAMS 0x00000000a8600000| PB 0x00000000a8600000| Untracked 
|  69|0x00000000a8700000, 0x00000000a8700000, 0x00000000a8800000|  0%| F|  |TAMS 0x00000000a8700000| PB 0x00000000a8700000| Untracked 
|  70|0x00000000a8800000, 0x00000000a8800000, 0x00000000a8900000|  0%| F|  |TAMS 0x00000000a8800000| PB 0x00000000a8800000| Untracked 
|  71|0x00000000a8900000, 0x00000000a8900000, 0x00000000a8a00000|  0%| F|  |TAMS 0x00000000a8900000| PB 0x00000000a8900000| Untracked 
|  72|0x00000000a8a00000, 0x00000000a8a00000, 0x00000000a8b00000|  0%| F|  |TAMS 0x00000000a8a00000| PB 0x00000000a8a00000| Untracked 
|  73|0x00000000a8b00000, 0x00000000a8b00000, 0x00000000a8c00000|  0%| F|  |TAMS 0x00000000a8b00000| PB 0x00000000a8b00000| Untracked 
|  74|0x00000000a8c00000, 0x00000000a8c00000, 0x00000000a8d00000|  0%| F|  |TAMS 0x00000000a8c00000| PB 0x00000000a8c00000| Untracked 
|  75|0x00000000a8d00000, 0x00000000a8d00000, 0x00000000a8e00000|  0%| F|  |TAMS 0x00000000a8d00000| PB 0x00000000a8d00000| Untracked 
|  76|0x00000000a8e00000, 0x00000000a8e00000, 0x00000000a8f00000|  0%| F|  |TAMS 0x00000000a8e00000| PB 0x00000000a8e00000| Untracked 
|  77|0x00000000a8f00000, 0x00000000a8f00000, 0x00000000a9000000|  0%| F|  |TAMS 0x00000000a8f00000| PB 0x00000000a8f00000| Untracked 
|  78|0x00000000a9000000, 0x00000000a9000000, 0x00000000a9100000|  0%| F|  |TAMS 0x00000000a9000000| PB 0x00000000a9000000| Untracked 
|  79|0x00000000a9100000, 0x00000000a9100000, 0x00000000a9200000|  0%| F|  |TAMS 0x00000000a9100000| PB 0x00000000a9100000| Untracked 
|  80|0x00000000a9200000, 0x00000000a9200000, 0x00000000a9300000|  0%| F|  |TAMS 0x00000000a9200000| PB 0x00000000a9200000| Untracked 
|  81|0x00000000a9300000, 0x00000000a9300000, 0x00000000a9400000|  0%| F|  |TAMS 0x00000000a9300000| PB 0x00000000a9300000| Untracked 
|  82|0x00000000a9400000, 0x00000000a9400000, 0x00000000a9500000|  0%| F|  |TAMS 0x00000000a9400000| PB 0x00000000a9400000| Untracked 
|  83|0x00000000a9500000, 0x00000000a9500000, 0x00000000a9600000|  0%| F|  |TAMS 0x00000000a9500000| PB 0x00000000a9500000| Untracked 
|  84|0x00000000a9600000, 0x00000000a9600000, 0x00000000a9700000|  0%| F|  |TAMS 0x00000000a9600000| PB 0x00000000a9600000| Untracked 
|  85|0x00000000a9700000, 0x00000000a9700000, 0x00000000a9800000|  0%| F|  |TAMS 0x00000000a9700000| PB 0x00000000a9700000| Untracked 
|  86|0x00000000a9800000, 0x00000000a9800000, 0x00000000a9900000|  0%| F|  |TAMS 0x00000000a9800000| PB 0x00000000a9800000| Untracked 
|  87|0x00000000a9900000, 0x00000000a9976448, 0x00000000a9a00000| 46%| E|  |TAMS 0x00000000a9900000| PB 0x00000000a9900000| Complete 
|  88|0x00000000a9a00000, 0x00000000a9b00000, 0x00000000a9b00000|100%| E|CS|TAMS 0x00000000a9a00000| PB 0x00000000a9a00000| Complete 
|  89|0x00000000a9b00000, 0x00000000a9c00000, 0x00000000a9c00000|100%| E|CS|TAMS 0x00000000a9b00000| PB 0x00000000a9b00000| Complete 
|  90|0x00000000a9c00000, 0x00000000a9d00000, 0x00000000a9d00000|100%| E|CS|TAMS 0x00000000a9c00000| PB 0x00000000a9c00000| Complete 
|  91|0x00000000a9d00000, 0x00000000a9e00000, 0x00000000a9e00000|100%| E|CS|TAMS 0x00000000a9d00000| PB 0x00000000a9d00000| Complete 

Card table byte_map: [0x0000027ff5060000,0x0000027ff5340000] _byte_map_base: 0x0000027ff4b3f000

Marking Bits: (CMBitMap*) 0x0000027fdbace840
 Bits: [0x0000027ff5620000, 0x0000027ff6d18000)

Polling page: 0x0000027fdbb40000

Metaspace:

Usage:
  Non-class:      3.19 MB used.
      Class:    353.61 KB used.
       Both:      3.54 MB used.

Virtual space:
  Non-class space:       64.00 MB reserved,       3.25 MB (  5%) committed,  1 nodes.
      Class space:        1.00 GB reserved,     448.00 KB ( <1%) committed,  1 nodes.
             Both:        1.06 GB reserved,       3.69 MB ( <1%) committed. 

Chunk freelists:
   Non-Class:  3.90 MB
       Class:  3.57 MB
        Both:  7.47 MB

MaxMetaspaceSize: unlimited
CompressedClassSpaceSize: 1.00 GB
Initial GC threshold: 21.00 MB
Current GC threshold: 21.00 MB
CDS: on
MetaspaceReclaimPolicy: balanced
 - commit_granule_bytes: 65536.
 - commit_granule_words: 8192.
 - virtual_space_node_default_size: 8388608.
 - enlarge_chunks_in_place: 1.
 - new_chunks_are_fully_committed: 0.
 - uncommit_free_chunks: 1.
 - use_allocation_guard: 0.


Internal statistics:

num_allocs_failed_limit: 0.
num_arena_births: 104.
num_arena_deaths: 0.
num_vsnodes_births: 2.
num_vsnodes_deaths: 0.
num_space_committed: 59.
num_space_uncommitted: 0.
num_chunks_returned_to_freelist: 0.
num_chunks_taken_from_freelist: 123.
num_chunk_merges: 0.
num_chunk_splits: 75.
num_chunks_enlarged: 30.
num_inconsistent_stats: 0.

CodeHeap 'non-profiled nmethods': size=120000Kb used=143Kb max_used=143Kb free=119857Kb
 bounds [0x0000027fecdf0000, 0x0000027fed060000, 0x0000027ff4320000]
CodeHeap 'profiled nmethods': size=120000Kb used=576Kb max_used=576Kb free=119423Kb
 bounds [0x0000027fe5320000, 0x0000027fe5590000, 0x0000027fec850000]
CodeHeap 'non-nmethods': size=5760Kb used=1456Kb max_used=1470Kb free=4303Kb
 bounds [0x0000027fec850000, 0x0000027fecac0000, 0x0000027fecdf0000]
 total_blobs=939 nmethods=448 adapters=402
 compilation: enabled
              stopped_count=0, restarted_count=0
 full_count=0

Compilation events (20 events):
Event: 0.452 Thread 0x0000027ff9790f60  437       4       java.util.concurrent.ConcurrentHashMap::tabAt (22 bytes)
Event: 0.453 Thread 0x0000027ff9797050 nmethod 433 0x0000027fe53a9c90 code [0x0000027fe53a9f60, 0x0000027fe53aafd0]
Event: 0.453 Thread 0x0000027ff9797050  435       3       java.lang.invoke.MethodType::toMethodDescriptorString (28 bytes)
Event: 0.453 Thread 0x0000027ff9790f60 nmethod 437 0x0000027fece12d10 code [0x0000027fece12e80, 0x0000027fece12ef0]
Event: 0.453 Thread 0x0000027ff9797050 nmethod 435 0x0000027fe53ab410 code [0x0000027fe53ab5a0, 0x0000027fe53ab778]
Event: 0.453 Thread 0x0000027ff9797050  436       3       jdk.internal.org.objectweb.asm.ByteVector::put11 (52 bytes)
Event: 0.453 Thread 0x0000027ff9790f60  439       4       java.lang.invoke.MethodType::parameterCount (6 bytes)
Event: 0.453 Thread 0x0000027ff9797050 nmethod 436 0x0000027fe53ab810 code [0x0000027fe53ab9a0, 0x0000027fe53abba8]
Event: 0.453 Thread 0x0000027ff9797050  440       3       jdk.internal.org.objectweb.asm.ByteVector::enlarge (73 bytes)
Event: 0.453 Thread 0x0000027ff9797050 nmethod 440 0x0000027fe53abd10 code [0x0000027fe53abec0, 0x0000027fe53ac298]
Event: 0.454 Thread 0x0000027ff9790f60 nmethod 439 0x0000027fece13610 code [0x0000027fece13780, 0x0000027fece13818]
Event: 0.454 Thread 0x0000027ff9797050  443       3       jdk.internal.org.objectweb.asm.Type::getTypeInternal (218 bytes)
Event: 0.455 Thread 0x0000027ff9797050 nmethod 443 0x0000027fe53ac410 code [0x0000027fe53ac740, 0x0000027fe53ad9c8]
Event: 0.455 Thread 0x0000027ff9797050  444       3       jdk.internal.org.objectweb.asm.SymbolTable::addConstantNameAndType (137 bytes)
Event: 0.456 Thread 0x0000027ff9797050 nmethod 444 0x0000027fe53adf90 code [0x0000027fe53ae1c0, 0x0000027fe53ae8b8]
Event: 0.456 Thread 0x0000027ff9797050  445       3       jdk.internal.org.objectweb.asm.SymbolTable$Entry::<init> (20 bytes)
Event: 0.456 Thread 0x0000027ff9797050 nmethod 445 0x0000027fe53aed10 code [0x0000027fe53aeea0, 0x0000027fe53aeff0]
Event: 0.456 Thread 0x0000027ff9797050  447   !   3       java.lang.invoke.MemberName$Factory::resolve (159 bytes)
Event: 0.457 Thread 0x0000027ff9797050 nmethod 447 0x0000027fe53af110 code [0x0000027fe53af320, 0x0000027fe53afa00]
Event: 0.457 Thread 0x0000027ff9797050  448       3       java.lang.String::replace (42 bytes)

GC Heap History (0 events):
No events

Dll operation events (6 events):
Event: 0.019 Loaded shared library C:\Program Files\Java\jdk-20\bin\java.dll
Event: 0.033 Loaded shared library C:\Program Files\Java\jdk-20\bin\jsvml.dll
Event: 0.113 Loaded shared library C:\Program Files\Java\jdk-20\bin\net.dll
Event: 0.118 Loaded shared library C:\Program Files\Java\jdk-20\bin\nio.dll
Event: 0.162 Loaded shared library C:\Program Files\Java\jdk-20\bin\jimage.dll
Event: 0.191 Loaded shared library C:\Program Files\Java\jdk-20\bin\awt.dll

Deoptimization events (4 events):
Event: 0.431 Thread 0x0000027fdba7b580 Uncommon trap: trap_request=0xffffff45 fr.pc=0x0000027fecdffdf8 relative=0x00000000000009f8
Event: 0.431 Thread 0x0000027fdba7b580 Uncommon trap: reason=unstable_if action=reinterpret pc=0x0000027fecdffdf8 method=java.util.HashMap.putVal(ILjava/lang/Object;Ljava/lang/Object;ZZ)Ljava/lang/Object; @ 81 c2
Event: 0.431 Thread 0x0000027fdba7b580 DEOPT PACKING pc=0x0000027fecdffdf8 sp=0x000000b94e4fe440
Event: 0.431 Thread 0x0000027fdba7b580 DEOPT UNPACKING pc=0x0000027fec8b9d22 sp=0x000000b94e4fe3f0 mode 2

Classes loaded (20 events):
Event: 0.439 Loading class javax/swing/plaf/metal/DefaultMetalTheme$FontDelegate
Event: 0.439 Loading class javax/swing/plaf/metal/DefaultMetalTheme$FontDelegate done
Event: 0.439 Loading class javax/swing/plaf/FontUIResource
Event: 0.439 Loading class javax/swing/plaf/FontUIResource done
Event: 0.440 Loading class javax/swing/UIDefaults$LazyValue
Event: 0.440 Loading class javax/swing/UIDefaults$LazyValue done
Event: 0.443 Loading class javax/swing/UIDefaults$ActiveValue
Event: 0.443 Loading class javax/swing/UIDefaults$ActiveValue done
Event: 0.443 Loading class javax/swing/plaf/InsetsUIResource
Event: 0.444 Loading class javax/swing/plaf/InsetsUIResource done
Event: 0.448 Loading class javax/swing/plaf/BorderUIResource$EmptyBorderUIResource
Event: 0.448 Loading class javax/swing/border/EmptyBorder
Event: 0.448 Loading class javax/swing/border/AbstractBorder
Event: 0.448 Loading class javax/swing/border/Border
Event: 0.448 Loading class javax/swing/border/Border done
Event: 0.448 Loading class javax/swing/border/AbstractBorder done
Event: 0.448 Loading class javax/swing/border/EmptyBorder done
Event: 0.448 Loading class javax/swing/plaf/BorderUIResource$EmptyBorderUIResource done
Event: 0.455 Loading class javax/swing/plaf/basic/BasicLookAndFeel$2
Event: 0.455 Loading class javax/swing/plaf/basic/BasicLookAndFeel$2 done

Classes unloaded (0 events):
No events

Classes redefined (0 events):
No events

Internal exceptions (7 events):
Event: 0.120 Thread 0x0000027fdba7b580 Exception <a 'sun/nio/fs/WindowsException'{0x00000000a9c436d0}> (0x00000000a9c436d0) 
thrown [s\open\src\hotspot\share\prims\jni.cpp, line 519]
Event: 0.124 Thread 0x0000027fdba7b580 Exception <a 'sun/nio/fs/WindowsException'{0x00000000a9c45be8}> (0x00000000a9c45be8) 
thrown [s\open\src\hotspot\share\prims\jni.cpp, line 519]
Event: 0.172 Thread 0x0000027fdba7b580 Exception <a 'java/lang/ClassNotFoundException'{0x00000000a9b6e698}: sun/awt/resources/spi/awtProvider> (0x00000000a9b6e698) 
thrown [s\open\src\hotspot\share\classfile\systemDictionary.cpp, line 305]
Event: 0.208 Thread 0x0000027fdba7b580 Exception <a 'java/io/FileNotFoundException'{0x00000000a9bc60e0}> (0x00000000a9bc60e0) 
thrown [s\open\src\hotspot\share\prims\jni.cpp, line 519]
Event: 0.217 Thread 0x0000027fdba7b580 Exception <a 'java/io/FileNotFoundException'{0x00000000a9bf02e8}> (0x00000000a9bf02e8) 
thrown [s\open\src\hotspot\share\prims\jni.cpp, line 519]
Event: 0.434 Thread 0x0000027fdba7b580 Exception <a 'java/lang/NoSuchMethodError'{0x00000000a990ef88}: 'void java.lang.invoke.DirectMethodHandle$Holder.invokeSpecial(java.lang.Object, java.lang.Object, java.lang.Object)'> (0x00000000a990ef88) 
thrown [s\open\src\hotspot\share\interpreter\linkResolver.cpp, line 773]
Event: 0.449 Thread 0x0000027fdba7b580 Exception <a 'java/lang/NoSuchMethodError'{0x00000000a9939708}: 'java.lang.Object java.lang.invoke.DirectMethodHandle$Holder.newInvokeSpecial(java.lang.Object, java.lang.Object, java.lang.Object, java.lang.Object, java.lang.Object)'> (0x00000000a9939708) 
thrown [s\open\src\hotspot\share\interpreter\linkResolver.cpp, line 773]

VM Operations (4 events):
Event: 0.126 Executing VM operation: HandshakeAllThreads
Event: 0.126 Executing VM operation: HandshakeAllThreads done
Event: 0.230 Executing VM operation: HandshakeAllThreads
Event: 0.230 Executing VM operation: HandshakeAllThreads done

Events (14 events):
Event: 0.034 Thread 0x0000027fdba7b580 Thread added: 0x0000027fdba7b580
Event: 0.055 Thread 0x0000027ff97770c0 Thread added: 0x0000027ff97770c0
Event: 0.056 Thread 0x0000027ff977d430 Thread added: 0x0000027ff977d430
Event: 0.057 Thread 0x0000027ff9780aa0 Thread added: 0x0000027ff9780aa0
Event: 0.057 Thread 0x0000027ff97819f0 Thread added: 0x0000027ff97819f0
Event: 0.057 Thread 0x0000027ff9785450 Thread added: 0x0000027ff9785450
Event: 0.057 Thread 0x0000027ff9785d90 Thread added: 0x0000027ff9785d90
Event: 0.057 Thread 0x0000027ff9790f60 Thread added: 0x0000027ff9790f60
Event: 0.057 Thread 0x0000027ff9797050 Thread added: 0x0000027ff9797050
Event: 0.094 Thread 0x0000027ffd99bf40 Thread added: 0x0000027ffd99bf40
Event: 0.142 Thread 0x0000027ffda2d520 Thread added: 0x0000027ffda2d520
Event: 0.307 Thread 0x0000027ffdc02010 Thread added: 0x0000027ffdc02010
Event: 0.310 Thread 0x0000027ffdc04790 Thread added: 0x0000027ffdc04790
Event: 0.314 Thread 0x0000027ffdb3c9f0 Thread added: 0x0000027ffdb3c9f0


Dynamic libraries:
0x00007ff72a550000 - 0x00007ff72a560000 	C:\Program Files\Java\jdk-20\bin\java.exe
0x00007fff61a70000 - 0x00007fff61c87000 	C:\Windows\SYSTEM32\ntdll.dll
0x00007fff60650000 - 0x00007fff60714000 	C:\Windows\System32\KERNEL32.DLL
0x00007fff5f050000 - 0x00007fff5f3fd000 	C:\Windows\System32\KERNELBASE.dll
0x00007fff5f5d0000 - 0x00007fff5f6e1000 	C:\Windows\System32\ucrtbase.dll
0x00007fff570f0000 - 0x00007fff57109000 	C:\Program Files\Java\jdk-20\bin\jli.dll
0x00007fff53cd0000 - 0x00007fff53ceb000 	C:\Program Files\Java\jdk-20\bin\VCRUNTIME140.dll
0x00007fff61940000 - 0x00007fff619f2000 	C:\Windows\System32\ADVAPI32.dll
0x00007fff5fea0000 - 0x00007fff5ff47000 	C:\Windows\System32\msvcrt.dll
0x00007fff5fd10000 - 0x00007fff5fdb9000 	C:\Windows\System32\sechost.dll
0x00007fff5f520000 - 0x00007fff5f548000 	C:\Windows\System32\bcrypt.dll
0x00007fff604f0000 - 0x00007fff60604000 	C:\Windows\System32\RPCRT4.dll
0x00007fff60c20000 - 0x00007fff60dce000 	C:\Windows\System32\USER32.dll
0x00007fff5ef80000 - 0x00007fff5efa6000 	C:\Windows\System32\win32u.dll
0x00007fff61a00000 - 0x00007fff61a29000 	C:\Windows\System32\GDI32.dll
0x00007fff53d30000 - 0x00007fff53fc3000 	C:\Windows\WinSxS\amd64_microsoft.windows.common-controls_6595b64144ccf1df_6.0.22621.3672_none_2713b9d173822955\COMCTL32.dll
0x00007fff5f400000 - 0x00007fff5f519000 	C:\Windows\System32\gdi32full.dll
0x00007fff5efb0000 - 0x00007fff5f04a000 	C:\Windows\System32\msvcp_win.dll
0x00007fff56690000 - 0x00007fff5669a000 	C:\Windows\SYSTEM32\VERSION.dll
0x00007fff60610000 - 0x00007fff60641000 	C:\Windows\System32\IMM32.DLL
0x00007fff53cc0000 - 0x00007fff53ccc000 	C:\Program Files\Java\jdk-20\bin\vcruntime140_1.dll
0x00007fff126b0000 - 0x00007fff1273e000 	C:\Program Files\Java\jdk-20\bin\msvcp140.dll
0x00007ffed0b30000 - 0x00007ffed17c7000 	C:\Program Files\Java\jdk-20\bin\server\jvm.dll
0x00007fff542d0000 - 0x00007fff542d9000 	C:\Windows\SYSTEM32\WSOCK32.dll
0x00007fff5a040000 - 0x00007fff5a074000 	C:\Windows\SYSTEM32\WINMM.dll
0x00007fff618c0000 - 0x00007fff61931000 	C:\Windows\System32\WS2_32.dll
0x00007fff5dda0000 - 0x00007fff5ddb8000 	C:\Windows\SYSTEM32\kernel.appcore.dll
0x00007fff53cb0000 - 0x00007fff53cba000 	C:\Program Files\Java\jdk-20\bin\jimage.dll
0x00007fff5c8e0000 - 0x00007fff5cb12000 	C:\Windows\SYSTEM32\DBGHELP.DLL
0x00007fff5f980000 - 0x00007fff5fd08000 	C:\Windows\System32\combase.dll
0x00007fff5fdc0000 - 0x00007fff5fe97000 	C:\Windows\System32\OLEAUT32.dll
0x00007fff55460000 - 0x00007fff55492000 	C:\Windows\SYSTEM32\dbgcore.DLL
0x00007fff5f550000 - 0x00007fff5f5cb000 	C:\Windows\System32\bcryptPrimitives.dll
0x00007fff3df30000 - 0x00007fff3df56000 	C:\Program Files\Java\jdk-20\bin\java.dll
0x00007fff0eac0000 - 0x00007fff0eb97000 	C:\Program Files\Java\jdk-20\bin\jsvml.dll
0x00007fff60e50000 - 0x00007fff616af000 	C:\Windows\System32\SHELL32.dll
0x00007fff5cca0000 - 0x00007fff5d59c000 	C:\Windows\SYSTEM32\windows.storage.dll
0x00007fff5cb60000 - 0x00007fff5cc9f000 	C:\Windows\SYSTEM32\wintypes.dll
0x00007fff5ff70000 - 0x00007fff60064000 	C:\Windows\System32\SHCORE.dll
0x00007fff60790000 - 0x00007fff607ee000 	C:\Windows\System32\shlwapi.dll
0x00007fff5ecd0000 - 0x00007fff5ecf1000 	C:\Windows\SYSTEM32\profapi.dll
0x00007fff53af0000 - 0x00007fff53b03000 	C:\Program Files\Java\jdk-20\bin\net.dll
0x00007fff5b080000 - 0x00007fff5b1b6000 	C:\Windows\SYSTEM32\WINHTTP.dll
0x00007fff5e240000 - 0x00007fff5e2a9000 	C:\Windows\system32\mswsock.dll
0x00007fff3f9d0000 - 0x00007fff3f9e6000 	C:\Program Files\Java\jdk-20\bin\nio.dll
0x00007fff063e0000 - 0x00007fff06571000 	C:\Program Files\Java\jdk-20\bin\awt.dll
0x00007fff59d70000 - 0x00007fff59e07000 	C:\Windows\SYSTEM32\apphelp.dll
0x00007fff5c160000 - 0x00007fff5c18b000 	C:\Windows\system32\DWMAPI.DLL
0x00007fff5bd30000 - 0x00007fff5bddf000 	C:\Windows\system32\uxtheme.dll
0x00007fff60a70000 - 0x00007fff60bc3000 	C:\Windows\System32\MSCTF.dll
0x00007fff5f7d0000 - 0x00007fff5f975000 	C:\Windows\System32\ole32.dll
0x00007fff5be40000 - 0x00007fff5be79000 	C:\Windows\SYSTEM32\dxcore.dll

dbghelp: loaded successfully - version: 4.0.5 - missing functions: none
symbol engine: initialized successfully - sym options: 0x614 - pdb path: .;C:\Program Files\Java\jdk-20\bin;C:\Windows\SYSTEM32;C:\Windows\WinSxS\amd64_microsoft.windows.common-controls_6595b64144ccf1df_6.0.22621.3672_none_2713b9d173822955;C:\Program Files\Java\jdk-20\bin\server

VM Arguments:
jvm_args: -Dfile.encoding=UTF-8 --module-path=C:\Users\hp\Documents\NetBeansProjects\bank management system\build\classes 
java_command: bank.management.system.Transactions
java_class_path (initial): C:\Users\hp\Documents\NetBeansProjects\bank management system\build\classes
Launcher Type: SUN_STANDARD

[Global flags]
     intx CICompilerCount                          = 4                                         {product} {ergonomic}
     uint ConcGCThreads                            = 2                                         {product} {ergonomic}
     uint G1ConcRefinementThreads                  = 8                                         {product} {ergonomic}
   size_t G1HeapRegionSize                         = 1048576                                   {product} {ergonomic}
    uintx GCDrainStackTargetSize                   = 64                                        {product} {ergonomic}
   size_t InitialHeapSize                          = 96468992                                  {product} {ergonomic}
   size_t MarkStackSize                            = 4194304                                   {product} {ergonomic}
   size_t MaxHeapSize                              = 1541406720                                {product} {ergonomic}
   size_t MaxNewSize                               = 924844032                                 {product} {ergonomic}
   size_t MinHeapDeltaBytes                        = 1048576                                   {product} {ergonomic}
   size_t MinHeapSize                              = 8388608                                   {product} {ergonomic}
    uintx NonNMethodCodeHeapSize                   = 5839372                                {pd product} {ergonomic}
    uintx NonProfiledCodeHeapSize                  = 122909434                              {pd product} {ergonomic}
    uintx ProfiledCodeHeapSize                     = 122909434                              {pd product} {ergonomic}
    uintx ReservedCodeCacheSize                    = 251658240                              {pd product} {ergonomic}
     bool SegmentedCodeCache                       = true                                      {product} {ergonomic}
   size_t SoftMaxHeapSize                          = 1541406720                             {manageable} {ergonomic}
     bool UseCompressedClassPointers               = true                           {product lp64_product} {ergonomic}
     bool UseCompressedOops                        = true                           {product lp64_product} {ergonomic}
     bool UseG1GC                                  = true                                      {product} {ergonomic}
     bool UseLargePagesIndividualAllocation        = false                                  {pd product} {ergonomic}

Logging:
Log output configuration:
 #0: stdout all=warning uptime,level,tags foldmultilines=false
 #1: stderr all=off uptime,level,tags foldmultilines=false

Environment Variables:
PATH=C:\Program Files\Common Files\Oracle\Java\javapath;C:\Windows\system32;C:\Windows;C:\Windows\System32\Wbem;C:\Windows\System32\WindowsPowerShell\v1.0\;C:\Windows\System32\OpenSSH\;C:\Program Files\dotnet\;C:\Program Files\nodejs\;C:\ProgramData\chocolatey\bin;C:\Users\hp\AppData\Local\Programs\Python\Python312\Scripts\;C:\Users\hp\AppData\Local\Programs\Python\Python312\;C:\Users\hp\AppData\Local\Programs\Python\Launcher\;C:\Program Files\MySQL\MySQL Shell 8.0\bin\;C:\Users\hp\AppData\Local\Microsoft\WindowsApps;C:\Users\hp\.dotnet\tools;C:\Users\hp\AppData\Local\Programs\Microsoft VS Code\bin;C:\Program Files\Java\jdk-17\bin;C:\Users\hp\AppData\Roaming\npm
USERNAME=hp
OS=Windows_NT
PROCESSOR_IDENTIFIER=AMD64 Family 23 Model 160 Stepping 0, AuthenticAMD
TMP=C:\Users\hp\AppData\Local\Temp
TEMP=C:\Users\hp\AppData\Local\Temp




---------------  S Y S T E M  ---------------

OS:
 Windows 11 , 64 bit Build 22621 (10.0.22621.3672)
OS uptime: 9 days 6:14 hours
Hyper-V role detected

CPU: total 8 (initial active 8) (8 cores per cpu, 2 threads per core) family 23 model 160 stepping 0 microcode 0x0, cx8, cmov, fxsr, ht, mmx, 3dnowpref, sse, sse2, sse3, ssse3, sse4a, sse4.1, sse4.2, popcnt, lzcnt, tsc, tscinvbit, avx, avx2, aes, clmul, bmi1, bmi2, adx, sha, fma, vzeroupper, clflush, clflushopt, hv, rdtscp, rdpid, f16c

Memory: 4k page, system-wide physical 5877M (543M free)
TotalPageFile size 24309M (AvailPageFile size 3M)
current process WorkingSet (physical memory assigned to process): 44M, peak: 44M
current process commit charge ("private bytes"): 177M, peak: 177M

vm_info: Java HotSpot(TM) 64-Bit Server VM (20.0.1+9-29) for windows-amd64 JRE (20.0.1+9-29), built on 2023-03-07T13:56:11Z by "mach5one" with MS VC++ 17.1 (VS2022)

END.
